<?xml version="1.0" encoding="UTF-8"?>
<testsuite name="Test"
           tests="3"
           failures="0"
           errors="0"
           skipped="0"
           time="83.667">
  <properties />
  
  
            <testcase name="verifyloginPrompt" time="48.710" classname="AmazonTests.com.Tests.AmazonTests1" />
                <testcase name="verifySearchPendriveandFilterBYRatingandPrice" time="33.713" classname="AmazonTests.com.Tests.AmazonTests1" />
                <testcase name="verifySelectProductSandisk" time="1.244" classname="AmazonTests.com.Tests.AmazonTests1" />
      
</testsuite>
